  otpch.cpp
  actions.cpp
  ban.cpp
  baseevents.cpp
  bed.cpp
  chat.cpp
  combat.cpp
  condition.cpp
  configmanager.cpp
  connection.cpp
  container.cpp
  creature.cpp
  creatureevent.cpp
  cylinder.cpp
  database.cpp
  databasemanager.cpp
  databasetasks.cpp
  depotchest.cpp
  depotlocker.cpp
  events.cpp
  fileloader.cpp
  game.cpp
  globalevent.cpp
  groups.cpp
  guild.cpp
  house.cpp
  housetile.cpp
  ioguild.cpp
  iologindata.cpp
  iomap.cpp
  iomapserialize.cpp
  item.cpp
  items.cpp
  luascript.cpp
  mailbox.cpp
  map.cpp
  monster.cpp
  monsters.cpp
  movement.cpp
  networkmessage.cpp
  npc.cpp
  otserv.cpp
  outfit.cpp
  outputmessage.cpp
  party.cpp
  player.cpp
  position.cpp
  protocol.cpp
  protocolgame.cpp
  protocollogin.cpp
  protocolold.cpp
  quests.cpp
  raids.cpp
  rsa.cpp
  scheduler.cpp
  script.cpp
  scriptmanager.cpp
  server.cpp
  signals.cpp
  spawn.cpp
  spells.cpp
  protocolstatus.cpp
  talkaction.cpp
  tasks.cpp
  teleport.cpp
  thing.cpp
  tile.cpp
  tools.cpp
  trashholder.cpp
  vocation.cpp
  waitlist.cpp
  weapons.cpp
  wildcardtree.cpp
  xtea.cpp
  Trwa generowanie kodu
  Zakończono generowanie kodu
  theforgottenserver.vcxproj -> C:\OTS SILNIK\global 8.0\vc14\x64\Release\theforgottenserver-x64.exe
